\BOOKMARK [0][-]{chapter.1}{Medidas e Unidades}{}% 1
\BOOKMARK [1][-]{section.1.1}{Introdu\347\343o}{chapter.1}% 2
\BOOKMARK [1][-]{section.1.2}{Medidas F\355sicas}{chapter.1}% 3
\BOOKMARK [2][-]{subsection.1.2.1}{Incerteza de Medidas}{section.1.2}% 4
\BOOKMARK [2][-]{subsection.1.2.2}{Unidades e Grandezas}{section.1.2}% 5
\BOOKMARK [0][-]{chapter.2}{CINEM\301TICA DO PONTO MATERIAL}{}% 6
\BOOKMARK [1][-]{section.2.1}{Cinem\341tica Retilinear}{chapter.2}% 7
\BOOKMARK [2][-]{subsection.2.1.1}{Difini\347\365es Fundamentais}{section.2.1}% 8
\BOOKMARK [1][-]{section.2.2}{Grandezas Cinem\341ticas}{chapter.2}% 9
\BOOKMARK [2][-]{subsection.2.2.1}{Velocidade}{section.2.2}% 10
\BOOKMARK [2][-]{subsection.2.2.2}{Acelera\347\343o}{section.2.2}% 11
\BOOKMARK [2][-]{subsection.2.2.3}{Rela\347\343o Diferencial entre v\(t\) e s\(t\)}{section.2.2}% 12
\BOOKMARK [2][-]{subsection.2.2.4}{Caso Especial: O Movimento com Acelera\347\343o Constante}{section.2.2}% 13
\BOOKMARK [0][-]{chapter.3}{Grandezas Vetoriais e suas opera\347\365es}{}% 14
\BOOKMARK [1][-]{section.3.1}{Nota\347\343o Vetorial}{chapter.3}% 15
\BOOKMARK [2][-]{subsection.3.1.1}{Componentes Vetoriais Ortogonais}{section.3.1}% 16
\BOOKMARK [2][-]{subsection.3.1.2}{M\363dulo ou magnitude de uma grandeza vetorial}{section.3.1}% 17
\BOOKMARK [2][-]{subsection.3.1.3}{Igualdade Vetorial}{section.3.1}% 18
\BOOKMARK [2][-]{subsection.3.1.4}{Vetores Unit\341rios}{section.3.1}% 19
\BOOKMARK [1][-]{section.3.2}{Soma e Subtra\347\343o com Vetores}{chapter.3}% 20
\BOOKMARK [1][-]{section.3.3}{Fun\347\365es Vetoriais}{chapter.3}% 21
\BOOKMARK [2][-]{subsection.3.3.1}{Derivadas de fun\347\365es vetoriais}{section.3.3}% 22
\BOOKMARK [2][-]{subsection.3.3.2}{Integrais de fun\347\365es vetorias}{section.3.3}% 23
